<?xml version="1.0" encoding="UTF-8"?>
<testsuite xmlns:xsi="http://www.w3.org/2001/XMLSchema-instance" xsi:noNamespaceSchemaLocation="https://maven.apache.org/surefire/maven-surefire-plugin/xsd/surefire-test-report-3.0.xsd" version="3.0" name="chess.server.ServerChessLogicTest" time="0.175" tests="9" errors="0" skipped="0" failures="0">
  <properties>
    <property name="java.specification.version" value="23"/>
    <property name="sun.cpu.isalist" value="amd64"/>
    <property name="sun.jnu.encoding" value="Cp1255"/>
    <property name="java.class.path" value="C:\Users\שבי\Downloads\KFChess-main\KFChess-main\java\chess-server\target\test-classes;C:\Users\שבי\Downloads\KFChess-main\KFChess-main\java\chess-server\target\classes;C:\Users\שבי\.m2\repository\org\java-websocket\Java-WebSocket\1.5.3\Java-WebSocket-1.5.3.jar;C:\Users\שבי\.m2\repository\com\google\code\gson\gson\2.10.1\gson-2.10.1.jar;C:\Users\שבי\.m2\repository\org\slf4j\slf4j-api\2.0.7\slf4j-api-2.0.7.jar;C:\Users\שבי\.m2\repository\ch\qos\logback\logback-classic\1.4.7\logback-classic-1.4.7.jar;C:\Users\שבי\.m2\repository\ch\qos\logback\logback-core\1.4.7\logback-core-1.4.7.jar;C:\Users\שבי\.m2\repository\org\junit\jupiter\junit-jupiter\5.9.3\junit-jupiter-5.9.3.jar;C:\Users\שבי\.m2\repository\org\junit\jupiter\junit-jupiter-api\5.9.3\junit-jupiter-api-5.9.3.jar;C:\Users\שבי\.m2\repository\org\opentest4j\opentest4j\1.2.0\opentest4j-1.2.0.jar;C:\Users\שבי\.m2\repository\org\junit\platform\junit-platform-commons\1.9.3\junit-platform-commons-1.9.3.jar;C:\Users\שבי\.m2\repository\org\apiguardian\apiguardian-api\1.1.2\apiguardian-api-1.1.2.jar;C:\Users\שבי\.m2\repository\org\junit\jupiter\junit-jupiter-params\5.9.3\junit-jupiter-params-5.9.3.jar;C:\Users\שבי\.m2\repository\org\junit\jupiter\junit-jupiter-engine\5.9.3\junit-jupiter-engine-5.9.3.jar;C:\Users\שבי\.m2\repository\org\junit\platform\junit-platform-engine\1.9.3\junit-platform-engine-1.9.3.jar;C:\Users\שבי\.m2\repository\org\mockito\mockito-core\5.4.0\mockito-core-5.4.0.jar;C:\Users\שבי\.m2\repository\net\bytebuddy\byte-buddy\1.14.5\byte-buddy-1.14.5.jar;C:\Users\שבי\.m2\repository\net\bytebuddy\byte-buddy-agent\1.14.5\byte-buddy-agent-1.14.5.jar;C:\Users\שבי\.m2\repository\org\objenesis\objenesis\3.3\objenesis-3.3.jar;C:\Users\שבי\.m2\repository\org\assertj\assertj-core\3.24.2\assertj-core-3.24.2.jar;"/>
    <property name="java.vm.vendor" value="Oracle Corporation"/>
    <property name="sun.arch.data.model" value="64"/>
    <property name="user.variant" value=""/>
    <property name="java.vendor.url" value="https://java.oracle.com/"/>
    <property name="user.timezone" value="Asia/Jerusalem"/>
    <property name="os.name" value="Windows 11"/>
    <property name="java.vm.specification.version" value="23"/>
    <property name="sun.java.launcher" value="SUN_STANDARD"/>
    <property name="user.country" value="IL"/>
    <property name="sun.boot.library.path" value="C:\Program Files\Java\jdk-23\bin"/>
    <property name="sun.java.command" value="C:\Users\שבי\AppData\Local\Temp\surefire4567300948626967995\surefirebooter-20250731134655511_3.jar C:\Users\שבי\AppData\Local\Temp\surefire4567300948626967995 2025-07-31T13-46-55_329-jvmRun1 surefire-20250731134655511_1tmp surefire_0-20250731134655511_2tmp"/>
    <property name="jdk.debug" value="release"/>
    <property name="surefire.test.class.path" value="C:\Users\שבי\Downloads\KFChess-main\KFChess-main\java\chess-server\target\test-classes;C:\Users\שבי\Downloads\KFChess-main\KFChess-main\java\chess-server\target\classes;C:\Users\שבי\.m2\repository\org\java-websocket\Java-WebSocket\1.5.3\Java-WebSocket-1.5.3.jar;C:\Users\שבי\.m2\repository\com\google\code\gson\gson\2.10.1\gson-2.10.1.jar;C:\Users\שבי\.m2\repository\org\slf4j\slf4j-api\2.0.7\slf4j-api-2.0.7.jar;C:\Users\שבי\.m2\repository\ch\qos\logback\logback-classic\1.4.7\logback-classic-1.4.7.jar;C:\Users\שבי\.m2\repository\ch\qos\logback\logback-core\1.4.7\logback-core-1.4.7.jar;C:\Users\שבי\.m2\repository\org\junit\jupiter\junit-jupiter\5.9.3\junit-jupiter-5.9.3.jar;C:\Users\שבי\.m2\repository\org\junit\jupiter\junit-jupiter-api\5.9.3\junit-jupiter-api-5.9.3.jar;C:\Users\שבי\.m2\repository\org\opentest4j\opentest4j\1.2.0\opentest4j-1.2.0.jar;C:\Users\שבי\.m2\repository\org\junit\platform\junit-platform-commons\1.9.3\junit-platform-commons-1.9.3.jar;C:\Users\שבי\.m2\repository\org\apiguardian\apiguardian-api\1.1.2\apiguardian-api-1.1.2.jar;C:\Users\שבי\.m2\repository\org\junit\jupiter\junit-jupiter-params\5.9.3\junit-jupiter-params-5.9.3.jar;C:\Users\שבי\.m2\repository\org\junit\jupiter\junit-jupiter-engine\5.9.3\junit-jupiter-engine-5.9.3.jar;C:\Users\שבי\.m2\repository\org\junit\platform\junit-platform-engine\1.9.3\junit-platform-engine-1.9.3.jar;C:\Users\שבי\.m2\repository\org\mockito\mockito-core\5.4.0\mockito-core-5.4.0.jar;C:\Users\שבי\.m2\repository\net\bytebuddy\byte-buddy\1.14.5\byte-buddy-1.14.5.jar;C:\Users\שבי\.m2\repository\net\bytebuddy\byte-buddy-agent\1.14.5\byte-buddy-agent-1.14.5.jar;C:\Users\שבי\.m2\repository\org\objenesis\objenesis\3.3\objenesis-3.3.jar;C:\Users\שבי\.m2\repository\org\assertj\assertj-core\3.24.2\assertj-core-3.24.2.jar;"/>
    <property name="sun.cpu.endian" value="little"/>
    <property name="user.home" value="C:\Users\שבי"/>
    <property name="user.language" value="he"/>
    <property name="java.specification.vendor" value="Oracle Corporation"/>
    <property name="java.version.date" value="2025-01-21"/>
    <property name="java.home" value="C:\Program Files\Java\jdk-23"/>
    <property name="file.separator" value="\"/>
    <property name="basedir" value="C:\Users\שבי\Downloads\KFChess-main\KFChess-main\java\chess-server"/>
    <property name="java.vm.compressedOopsMode" value="Zero based"/>
    <property name="line.separator" value="&#10;"/>
    <property name="java.vm.specification.vendor" value="Oracle Corporation"/>
    <property name="java.specification.name" value="Java Platform API Specification"/>
    <property name="surefire.real.class.path" value="C:\Users\שבי\AppData\Local\Temp\surefire4567300948626967995\surefirebooter-20250731134655511_3.jar"/>
    <property name="user.script" value=""/>
    <property name="sun.management.compiler" value="HotSpot 64-Bit Tiered Compilers"/>
    <property name="java.runtime.version" value="23.0.2+7-58"/>
    <property name="user.name" value="שבי"/>
    <property name="stdout.encoding" value="Cp1255"/>
    <property name="path.separator" value=";"/>
    <property name="os.version" value="10.0"/>
    <property name="java.runtime.name" value="Java(TM) SE Runtime Environment"/>
    <property name="file.encoding" value="UTF-8"/>
    <property name="java.vm.name" value="Java HotSpot(TM) 64-Bit Server VM"/>
    <property name="localRepository" value="C:\Users\שבי\.m2\repository"/>
    <property name="java.vendor.url.bug" value="https://bugreport.java.com/bugreport/"/>
    <property name="java.io.tmpdir" value="C:\Users\BA1B~1\AppData\Local\Temp\"/>
    <property name="java.version" value="23.0.2"/>
    <property name="user.dir" value="C:\Users\שבי\Downloads\KFChess-main\KFChess-main\java\chess-server"/>
    <property name="os.arch" value="amd64"/>
    <property name="java.vm.specification.name" value="Java Virtual Machine Specification"/>
    <property name="sun.os.patch.level" value=""/>
    <property name="native.encoding" value="Cp1255"/>
    <property name="java.library.path" value="C:\Program Files\Java\jdk-23\bin;C:\Windows\Sun\Java\bin;C:\Windows\system32;C:\Windows;C:\Program Files\Common Files\Oracle\Java\javapath;C:\Windows\system32;C:\Windows;C:\Windows\System32\Wbem;C:\Windows\System32\WindowsPowerShell\v1.0\;C:\Windows\System32\OpenSSH\;C:\Program Files (x86)\Microsoft SQL Server\160\Tools\Binn\;C:\Program Files\Microsoft SQL Server\160\Tools\Binn\;C:\Program Files\Microsoft SQL Server\Client SDK\ODBC\170\Tools\Binn\;C:\Program Files\Microsoft SQL Server\160\DTS\Binn\;C:\Program Files (x86)\Microsoft SQL Server\160\DTS\Binn\;C:\Program Files\Microsoft SQL Server\150\Tools\Binn\;C:\Program Files\dotnet\;C:\Program Files\nodejs\;C:\ProgramData\chocolatey\bin;C:\Program Files\Git\cmd;C:\Program Files (x86)\Windows Kits\10\Windows Performance Toolkit\;C:\Aapache\Maven\apache-maven-3.9.4\apache-maven-3.9.4\bin;C:\Users\שבי\AppData\Local\Programs\Python\Python313\Scripts\;C:\Users\שבי\AppData\Local\Programs\Python\Python313\;C:\Users\שבי\AppData\Local\Microsoft\WindowsApps;C:\Users\שבי\AppData\Local\Programs\Microsoft VS Code\bin;C:\Users\שבי\.dotnet\tools;C:\Users\שבי\AppData\Roaming\npm;C:\Program Files\JetBrains\PyCharm 2024.3.2\bin;;C:\Users\שבי\AppData\Local\GitHubDesktop\bin;C:\PythonProject;;c:\Users\שבי\AppData\Roaming\Code\User\globalStorage\github.copilot-chat\debugCommand;."/>
    <property name="java.vm.info" value="mixed mode, sharing"/>
    <property name="stderr.encoding" value="Cp1255"/>
    <property name="java.vendor" value="Oracle Corporation"/>
    <property name="java.vm.version" value="23.0.2+7-58"/>
    <property name="sun.io.unicode.encoding" value="UnicodeLittle"/>
    <property name="java.class.version" value="67.0"/>
  </properties>
  <testcase name="shouldAcceptAllCommandsInRealTime" classname="chess.server.ServerChessLogicTest" time="0.11">
    <system-out><![CDATA[Server board initialized (8x8)
ServerChessLogic initialized
Validating: INVALID_COMMAND
]]></system-out>
  </testcase>
  <testcase name="shouldHandleHoverCommands" classname="chess.server.ServerChessLogicTest" time="0.002">
    <system-out><![CDATA[Server board initialized (8x8)
ServerChessLogic initialized
Validating: W_HOVER_UP
Validating: B_HOVER_DOWN
]]></system-out>
  </testcase>
  <testcase name="shouldValidateBlackPlayerMovementCommands" classname="chess.server.ServerChessLogicTest" time="0.005">
    <system-out><![CDATA[Server board initialized (8x8)
ServerChessLogic initialized
Validating: B_MOVEMENT_UP
Validating: B_MOVEMENT_DOWN
Validating: B_MOVEMENT_LEFT
Validating: B_MOVEMENT_RIGHT
]]></system-out>
  </testcase>
  <testcase name="shouldAllowSimultaneousCommandsFromDifferentPlayers" classname="chess.server.ServerChessLogicTest" time="0.002">
    <system-out><![CDATA[Server board initialized (8x8)
ServerChessLogic initialized
Validating: W_MOVEMENT_UP
Validating: B_MOVEMENT_DOWN
Validating: W_JUMP
Validating: B_JUMP
Validating: W_MOVEMENT_UP
Validating: B_MOVEMENT_DOWN
]]></system-out>
  </testcase>
  <testcase name="shouldParseServerCommandCorrectly" classname="chess.server.ServerChessLogicTest" time="0.01">
    <system-out><![CDATA[Server board initialized (8x8)
ServerChessLogic initialized
]]></system-out>
  </testcase>
  <testcase name="shouldValidatePieceSelectionCommands" classname="chess.server.ServerChessLogicTest" time="0.002">
    <system-out><![CDATA[Server board initialized (8x8)
ServerChessLogic initialized
Validating: W_SELECT_PIECE_0
Validating: W_SELECT_PIECE_7
Validating: B_SELECT_PIECE_2
Validating: B_SELECT_PIECE_5
]]></system-out>
  </testcase>
  <testcase name="shouldHandleGameControlCommands" classname="chess.server.ServerChessLogicTest" time="0.001">
    <system-out><![CDATA[Server board initialized (8x8)
ServerChessLogic initialized
Validating: END_GAME
]]></system-out>
  </testcase>
  <testcase name="shouldValidateSelectOrMoveCommands" classname="chess.server.ServerChessLogicTest" time="0.002">
    <system-out><![CDATA[Server board initialized (8x8)
ServerChessLogic initialized
Validating: W_SELECT_OR_MOVE
Validating: B_SELECT_OR_MOVE
]]></system-out>
  </testcase>
  <testcase name="shouldValidateWhitePlayerMovementCommands" classname="chess.server.ServerChessLogicTest" time="0.006">
    <system-out><![CDATA[Server board initialized (8x8)
ServerChessLogic initialized
Validating: W_MOVEMENT_UP
Validating: W_MOVEMENT_DOWN
Validating: W_MOVEMENT_LEFT
Validating: W_MOVEMENT_RIGHT
]]></system-out>
  </testcase>
</testsuite>